<?xml version="1.0" encoding="UTF-8"?>
<testsuite xmlns:xsi="http://www.w3.org/2001/XMLSchema-instance" xsi:noNamespaceSchemaLocation="https://maven.apache.org/surefire/maven-surefire-plugin/xsd/surefire-test-report.xsd" name="ru.yandex.burger.SignInTest" time="23.387" tests="4" errors="0" skipped="0" failures="0">
  <properties>
[...]
</properties>
  <testcase name="signInWithPersonalAccountButton" classname="ru.yandex.burger.SignInTest" time="5.924"/>
  <testcase name="signInFromResetPasswordPage" classname="ru.yandex.burger.SignInTest" time="6.066"/>
  <testcase name="signInFromMainPage" classname="ru.yandex.burger.SignInTest" time="5.802"/>
  <testcase name="signInFromRegistrationPage" classname="ru.yandex.burger.SignInTest" time="5.584"/>
</testsuite>